{
  "RSpec": {
    "coverage": {
      "/Users/bethlambertmatthews/Programming/pair-programming/bookmark-manager-wednesday/spec/features/bookmarks_spec.rb": {
        "lines": [
          null,
          null,
          null,
          null,
          null,
          null,
          null,
          null,
          null,
          null,
          null,
          null
        ]
      },
      "/Users/bethlambertmatthews/Programming/pair-programming/bookmark-manager-wednesday/spec/features/index_test_spec.rb": {
        "lines": [
          1,
          1,
          1,
          1,
          null,
          null
        ]
      },
      "/Users/bethlambertmatthews/Programming/pair-programming/bookmark-manager-wednesday/spec/lib/bookmark_spec.rb": {
        "lines": [
          1,
          null,
          1,
          null,
          1,
          1,
          1,
          0,
          null,
          null,
          null,
          null,
          null,
          null,
          null,
          null,
          null,
          null,
          null,
          null,
          null,
          null,
          null
        ]
      }
    },
    "timestamp": 1634138122
  }
}
